-- The C compiler identification is GNU 7.3.0
-- The CXX compiler identification is GNU 7.3.0
-- Check for working C compiler: /usr/bin/cc
-- Check for working C compiler: /usr/bin/cc -- works
-- Detecting C compiler ABI info
-- Detecting C compiler ABI info - done
-- Detecting C compile features
-- Detecting C compile features - done
-- Check for working CXX compiler: /usr/bin/c++
-- Check for working CXX compiler: /usr/bin/c++ -- works
-- Detecting CXX compiler ABI info
-- Detecting CXX compiler ABI info - done
-- Detecting CXX compile features
-- Detecting CXX compile features - done
-- Performing Test HAS_CXX11
-- Performing Test HAS_CXX11 - Success
-- Performing Test HAS_NO_UNDEFINED
-- Performing Test HAS_NO_UNDEFINED - Success
-- Performing Test HAS_PEDANTIC
-- Performing Test HAS_PEDANTIC - Success
-- Performing Test HAS_WALL
-- Performing Test HAS_WALL - Success
-- Configuring done
-- Generating done
-- Build files have been written to: /home/erik/pruebas/.ngrest/local/build
